{
  "RSpec": {
    "coverage": {
      "/Users/jeffwinkler/code/wdi/projects/apps/portfolio_app/app/models/day.rb": [
        1,
        1,
        1,
        null,
        1,
        5,
        5,
        5,
        9,
        null,
        5,
        null,
        null,
        1,
        0,
        0,
        0,
        null,
        0,
        null,
        0,
        0,
        0,
        null,
        null,
        0,
        null,
        null,
        1,
        0,
        0,
        0,
        null,
        0,
        null,
        0,
        0,
        0,
        null,
        null,
        0,
        null,
        null,
        1,
        null,
        null,
        0,
        null,
        0,
        0,
        0,
        0,
        null,
        0,
        0,
        0,
        0,
        null,
        0,
        0,
        0,
        0,
        0,
        null,
        0,
        0,
        null,
        null,
        0,
        0,
        null,
        null,
        0,
        0,
        null,
        null,
        0,
        0,
        null,
        null,
        0,
        null,
        null,
        null,
        null
      ],
      "/Users/jeffwinkler/code/wdi/projects/apps/portfolio_app/spec/models/investor_spec.rb": [
        1,
        null,
        1,
        null,
        1,
        1,
        1,
        1,
        1,
        null,
        null,
        null,
        null
      ],
      "/Users/jeffwinkler/code/wdi/projects/apps/portfolio_app/app/models/investor.rb": [
        1,
        1,
        1,
        1,
        1,
        1,
        null,
        null,
        1,
        0,
        0,
        null,
        0,
        null,
        null,
        null,
        null,
        null
      ],
      "/Users/jeffwinkler/code/wdi/projects/apps/portfolio_app/spec/models/portfolio_spec.rb": [
        1,
        null,
        1,
        1,
        1,
        1,
        1,
        1,
        1,
        1,
        1,
        1,
        1,
        1,
        null,
        null,
        1,
        1,
        1,
        1,
        1,
        1,
        1,
        1,
        1,
        1,
        1,
        1,
        1,
        1,
        null,
        null,
        null,
        1,
        1,
        1,
        1,
        1,
        1,
        1,
        1,
        1,
        1,
        1,
        1,
        1,
        1,
        1,
        1,
        1,
        1,
        null,
        null,
        1,
        1,
        null,
        1,
        1,
        1,
        1,
        1,
        1,
        null,
        1,
        1,
        1,
        1,
        1,
        1,
        null,
        1,
        1,
        2,
        2,
        null,
        null,
        1,
        null,
        1,
        1,
        1,
        1,
        null,
        1,
        null,
        1,
        null,
        null
      ],
      "/Users/jeffwinkler/code/wdi/projects/apps/portfolio_app/app/models/portfolio.rb": [
        1,
        1,
        1,
        1,
        null,
        1,
        1,
        1,
        1,
        1,
        1,
        1,
        1,
        1,
        1,
        1,
        1,
        null,
        1,
        null,
        null,
        1,
        3,
        3,
        3,
        4,
        4,
        4,
        4,
        4,
        4,
        4,
        null,
        3,
        null,
        null,
        1,
        2,
        3,
        3,
        3,
        3,
        3,
        null,
        2,
        null,
        null,
        1,
        1,
        1,
        1,
        2,
        2,
        null,
        null,
        1,
        1,
        1,
        1,
        null,
        1,
        null,
        null,
        null,
        null,
        null
      ],
      "/Users/jeffwinkler/code/wdi/projects/apps/portfolio_app/spec/models/share_spec.rb": [
        1,
        null,
        1,
        1,
        null
      ],
      "/Users/jeffwinkler/code/wdi/projects/apps/portfolio_app/app/models/share.rb": [
        1,
        1,
        1,
        1,
        null,
        null,
        null
      ],
      "/Users/jeffwinkler/code/wdi/projects/apps/portfolio_app/spec/models/stock_spec.rb": [
        1,
        null,
        1,
        1,
        null
      ],
      "/Users/jeffwinkler/code/wdi/projects/apps/portfolio_app/app/models/stock.rb": [
        1,
        1,
        1,
        1,
        1,
        null,
        null,
        null,
        1,
        0,
        0,
        0,
        0,
        0,
        0,
        0,
        null,
        null,
        null,
        1,
        1,
        1,
        1,
        1,
        null,
        0,
        null,
        0,
        null,
        1,
        1,
        1,
        1,
        598,
        598,
        null,
        null,
        null,
        null,
        null,
        null,
        null,
        null,
        null,
        null,
        null,
        null,
        null,
        null,
        null,
        null,
        null,
        null,
        null,
        null,
        null,
        null,
        null,
        1,
        0,
        0,
        0,
        null,
        null,
        null,
        0,
        0,
        0,
        null,
        0,
        0,
        null,
        null,
        0,
        null,
        null,
        0,
        0,
        0,
        0,
        0,
        0,
        0,
        null,
        null,
        0,
        0,
        0,
        0,
        0,
        0,
        null,
        null,
        null,
        null,
        0,
        0,
        0,
        0,
        0,
        0,
        null,
        null,
        null,
        null,
        null,
        null,
        0,
        0,
        0,
        0,
        0,
        0,
        null,
        0,
        0,
        null,
        null,
        null,
        0,
        0,
        null,
        null
      ]
    },
    "timestamp": 1400691377
  }
}
